Traceback (most recent call last):
  File "run.py", line 42, in <module>
    main()
  File "run.py", line 38, in main
    train, config = RUNS[parser.parse_args().run_config]
IndexError: list index out of range
Traceback (most recent call last):
  File "run.py", line 42, in <module>
Traceback (most recent call last):
Traceback (most recent call last):
  File "run.py", line 42, in <module>
Traceback (most recent call last):
  File "run.py", line 42, in <module>
    main()
  File "run.py", line 38, in main
    main()
  File "run.py", line 38, in main
    train, config = RUNS[parser.parse_args().run_config]
IndexError: list index out of range
  File "run.py", line 42, in <module>
    main()
    train, config = RUNS[parser.parse_args().run_config]
IndexError: list index out of range
    main()
  File "run.py", line 38, in main
  File "run.py", line 38, in main
    train, config = RUNS[parser.parse_args().run_config]
    train, config = RUNS[parser.parse_args().run_config]
IndexError: list index out of range
IndexError: list index out of range
2018-11-06 12:57:58.316367: I tensorflow/core/platform/cpu_feature_guard.cc:141] Your CPU supports instructions that this TensorFlow binary was not compiled to use: SSE4.1 SSE4.2 AVX
2018-11-06 12:57:58.333880: I tensorflow/core/platform/cpu_feature_guard.cc:141] Your CPU supports instructions that this TensorFlow binary was not compiled to use: SSE4.1 SSE4.2 AVX
2018-11-06 12:57:58.364251: I tensorflow/core/platform/cpu_feature_guard.cc:141] Your CPU supports instructions that this TensorFlow binary was not compiled to use: SSE4.1 SSE4.2 AVX
2018-11-06 12:57:58.368508: I tensorflow/core/platform/cpu_feature_guard.cc:141] Your CPU supports instructions that this TensorFlow binary was not compiled to use: SSE4.1 SSE4.2 AVX
srun: error: c2129: task 0: Exited with exit code 1
srun: error: c2136: task 0: Exited with exit code 1
srun: error: c2130: task 0: Exited with exit code 1
srun: error: c2147: task 0: Exited with exit code 1
srun: error: c2146: task 0: Exited with exit code 1
2018-11-06 12:57:59.507527: I tensorflow/core/common_runtime/gpu/gpu_device.cc:1405] Found device 0 with properties: 
name: Tesla K20m major: 3 minor: 5 memoryClockRate(GHz): 0.7055
pciBusID: 0000:04:00.0
totalMemory: 4.63GiB freeMemory: 4.56GiB
2018-11-06 12:57:59.507599: I tensorflow/core/common_runtime/gpu/gpu_device.cc:1484] Adding visible gpu devices: 0
2018-11-06 12:57:59.645101: I tensorflow/core/common_runtime/gpu/gpu_device.cc:1405] Found device 0 with properties: 
name: Tesla K20m major: 3 minor: 5 memoryClockRate(GHz): 0.7055
pciBusID: 0000:04:00.0
totalMemory: 4.63GiB freeMemory: 4.56GiB
2018-11-06 12:57:59.645172: I tensorflow/core/common_runtime/gpu/gpu_device.cc:1484] Adding visible gpu devices: 0
2018-11-06 12:57:59.685848: I tensorflow/core/common_runtime/gpu/gpu_device.cc:1405] Found device 0 with properties: 
name: Tesla K20m major: 3 minor: 5 memoryClockRate(GHz): 0.7055
pciBusID: 0000:04:00.0
totalMemory: 4.63GiB freeMemory: 4.56GiB
2018-11-06 12:57:59.685957: I tensorflow/core/common_runtime/gpu/gpu_device.cc:1484] Adding visible gpu devices: 0
2018-11-06 12:57:59.740445: I tensorflow/core/common_runtime/gpu/gpu_device.cc:1405] Found device 0 with properties: 
name: Tesla K20m major: 3 minor: 5 memoryClockRate(GHz): 0.7055
pciBusID: 0000:04:00.0
totalMemory: 4.63GiB freeMemory: 4.56GiB
2018-11-06 12:57:59.740522: I tensorflow/core/common_runtime/gpu/gpu_device.cc:1484] Adding visible gpu devices: 0
2018-11-06 12:58:01.968992: I tensorflow/core/common_runtime/gpu/gpu_device.cc:965] Device interconnect StreamExecutor with strength 1 edge matrix:
2018-11-06 12:58:01.969078: I tensorflow/core/common_runtime/gpu/gpu_device.cc:971]      0 
2018-11-06 12:58:01.969092: I tensorflow/core/common_runtime/gpu/gpu_device.cc:984] 0:   N 
2018-11-06 12:58:01.969572: I tensorflow/core/common_runtime/gpu/gpu_device.cc:1097] Created TensorFlow device (/job:localhost/replica:0/task:0/device:GPU:0 with 4327 MB memory) -> physical GPU (device: 0, name: Tesla K20m, pci bus id: 0000:04:00.0, compute capability: 3.5)
2018-11-06 12:58:02.037991: I tensorflow/core/common_runtime/gpu/gpu_device.cc:965] Device interconnect StreamExecutor with strength 1 edge matrix:
2018-11-06 12:58:02.038054: I tensorflow/core/common_runtime/gpu/gpu_device.cc:971]      0 
2018-11-06 12:58:02.038067: I tensorflow/core/common_runtime/gpu/gpu_device.cc:984] 0:   N 
2018-11-06 12:58:02.039415: I tensorflow/core/common_runtime/gpu/gpu_device.cc:1097] Created TensorFlow device (/job:localhost/replica:0/task:0/device:GPU:0 with 4327 MB memory) -> physical GPU (device: 0, name: Tesla K20m, pci bus id: 0000:04:00.0, compute capability: 3.5)
2018-11-06 12:58:02.215406: I tensorflow/core/common_runtime/gpu/gpu_device.cc:965] Device interconnect StreamExecutor with strength 1 edge matrix:
2018-11-06 12:58:02.215483: I tensorflow/core/common_runtime/gpu/gpu_device.cc:971]      0 
2018-11-06 12:58:02.215498: I tensorflow/core/common_runtime/gpu/gpu_device.cc:984] 0:   N 
2018-11-06 12:58:02.215980: I tensorflow/core/common_runtime/gpu/gpu_device.cc:1097] Created TensorFlow device (/job:localhost/replica:0/task:0/device:GPU:0 with 4327 MB memory) -> physical GPU (device: 0, name: Tesla K20m, pci bus id: 0000:04:00.0, compute capability: 3.5)
2018-11-06 12:58:02.363370: I tensorflow/core/common_runtime/gpu/gpu_device.cc:965] Device interconnect StreamExecutor with strength 1 edge matrix:
2018-11-06 12:58:02.363460: I tensorflow/core/common_runtime/gpu/gpu_device.cc:971]      0 
2018-11-06 12:58:02.363474: I tensorflow/core/common_runtime/gpu/gpu_device.cc:984] 0:   N 
2018-11-06 12:58:02.363968: I tensorflow/core/common_runtime/gpu/gpu_device.cc:1097] Created TensorFlow device (/job:localhost/replica:0/task:0/device:GPU:0 with 4327 MB memory) -> physical GPU (device: 0, name: Tesla K20m, pci bus id: 0000:04:00.0, compute capability: 3.5)
2018-11-06 12:58:18.018983: I tensorflow/core/platform/cpu_feature_guard.cc:141] Your CPU supports instructions that this TensorFlow binary was not compiled to use: SSE4.1 SSE4.2 AVX
2018-11-06 12:58:19.331971: I tensorflow/core/common_runtime/gpu/gpu_device.cc:1405] Found device 0 with properties: 
name: Tesla K20m major: 3 minor: 5 memoryClockRate(GHz): 0.7055
pciBusID: 0000:04:00.0
totalMemory: 4.63GiB freeMemory: 4.56GiB
2018-11-06 12:58:19.332041: I tensorflow/core/common_runtime/gpu/gpu_device.cc:1484] Adding visible gpu devices: 0
2018-11-06 12:58:20.793745: I tensorflow/core/common_runtime/gpu/gpu_device.cc:965] Device interconnect StreamExecutor with strength 1 edge matrix:
2018-11-06 12:58:20.793814: I tensorflow/core/common_runtime/gpu/gpu_device.cc:971]      0 
2018-11-06 12:58:20.793828: I tensorflow/core/common_runtime/gpu/gpu_device.cc:984] 0:   N 
2018-11-06 12:58:20.819132: I tensorflow/core/common_runtime/gpu/gpu_device.cc:1097] Created TensorFlow device (/job:localhost/replica:0/task:0/device:GPU:0 with 4327 MB memory) -> physical GPU (device: 0, name: Tesla K20m, pci bus id: 0000:04:00.0, compute capability: 3.5)
2018-11-06 13:04:33.682695: E tensorflow/stream_executor/cuda/cuda_event.cc:48] Error polling for event status: failed to query event: CUDA_ERROR_LAUNCH_FAILED
2018-11-06 13:04:33.682816: F tensorflow/core/common_runtime/gpu/gpu_event_mgr.cc:206] Unexpected Event status: 1
srun: error: c2159: task 0: Aborted
stack=10,env=flicker@.5:Asteroids,mod=dist-drqn,h_size=512,quantile=128
checkpointing.
checkpoiting finished.
0 stack=10,env=flicker@.5:Asteroids,mod=dist-drqn,h_size=512,quantile=128
135.0 seconds to evaluate
[dqn4:10.0K] took 284.0 seconds to 10000 steps
11.0 seconds to evaluate
[dqn4:10.0K] took 290.0 seconds to 10000 steps
[dqn4:10.0K] took 300.0 seconds to 10000 steps
7.0 seconds to evaluate
14.0 seconds to evaluate
Eval: [210. 210. 160. 530. 310.] mean = 284.0
[dqn4:20.0K] took 298.0 seconds to 10000 steps
17.0 seconds to evaluate
Eval: [-21. -21. -21. -21. -21.] mean = -21.0
[dqn4:20.0K] took 311.0 seconds to 10000 steps
Eval: [30. 40. 40. 40. 40.] mean = 38.0
[dqn4:20.0K] took 314.0 seconds to 10000 steps
4.0 seconds to evaluate
14.0 seconds to evaluate
Eval: [ 530. 1080.  380.  560.  380.] mean = 586.0
[dqn4:30.0K] took 309.0 seconds to 10000 steps
13.0 seconds to evaluate
Eval: [0. 0. 0. 0. 0.] mean = 0.0
[dqn4:30.0K] took 303.0 seconds to 10000 steps
Eval: [-21. -21. -21. -21. -21.] mean = -21.0
[dqn4:30.0K] took 321.0 seconds to 10000 steps
5.0 seconds to evaluate
14.0 seconds to evaluate
Eval: [ 260.  530.  560. 1080.  530.] mean = 592.0
[dqn4:40.0K] took 306.0 seconds to 10000 steps
Eval: [10. 50. 30. 50.  0.] mean = 28.0
[dqn4:40.0K] took 284.0 seconds to 10000 steps
16.0 seconds to evaluate
6.0 seconds to evaluate
Eval: [-21. -21. -21. -21. -21.] mean = -21.0
[dqn4:40.0K] took 318.0 seconds to 10000 steps
14.0 seconds to evaluate
Eval: [160.  50.  60.  60.  80.] mean = 82.0
[dqn4:50.0K] took 286.0 seconds to 10000 steps
Eval: [780. 630. 980. 130. 480.] mean = 600.0
[dqn4:50.0K] took 316.0 seconds to 10000 steps
7.0 seconds to evaluate
10.0 seconds to evaluate
Eval: [-21. -21. -21. -21. -21.] mean = -21.0
[dqn4:50.0K] took 313.0 seconds to 10000 steps
14.0 seconds to evaluate
Eval: [ 70.  90.  70.  70. 140.] mean = 88.0
[dqn4:60.0K] took 287.0 seconds to 10000 steps
Eval: [930. 580. 310. 630. 130.] mean = 516.0
[dqn4:60.0K] took 296.0 seconds to 10000 steps
8.0 seconds to evaluate
11.0 seconds to evaluate
Eval: [-21. -21. -21. -21. -21.] mean = -21.0
[dqn4:60.0K] took 319.0 seconds to 10000 steps
14.0 seconds to evaluate
Eval: [ 90.  20.  60.  80. 100.] mean = 70.0
[dqn4:70.0K] took 289.0 seconds to 10000 steps
4.0 seconds to evaluate
Eval: [1080.  460.  160.  260.  730.] mean = 538.0
[dqn4:70.0K] took 295.0 seconds to 10000 steps
10.0 seconds to evaluate
Eval: [-21. -21. -21. -21. -21.] mean = -21.0
[dqn4:70.0K] took 308.0 seconds to 10000 steps
[1280.  530. 1300. 1410. 1280.] [ 680. 2300. 1590. 1280. 1710.]
Eval mean 1160.0 1512.0
10000 stack=10,env=flicker@.5:Asteroids,mod=dist-drqn,h_size=512,quantile=128
[dist-drqn:flicker@.5:Asteroids:10.0KK] took 2163 seconds to 10000 steps
14.0 seconds to evaluate
83.0 seconds to evaluate
Eval: [0. 0. 0. 0. 0.] mean = 0.0
[dqn4:80.0K] took 282.0 seconds to 10000 steps
7.0 seconds to evaluate
Eval: [ 230.  830.  530. 1080.  460.] mean = 626.0
[dqn4:80.0K] took 297.0 seconds to 10000 steps
16.0 seconds to evaluate
Eval: [-21. -21. -21. -21. -21.] mean = -21.0
[dqn4:80.0K] took 317.0 seconds to 10000 steps
14.0 seconds to evaluate
Eval: [ 80. 120.  20.  40.  80.] mean = 68.0
[dqn4:90.0K] took 287.0 seconds to 10000 steps
8.0 seconds to evaluate
Eval: [ 980. 1180.  680.  390.  930.] mean = 832.0
[dqn4:90.0K] took 310.0 seconds to 10000 steps
14.0 seconds to evaluate
Eval: [-21. -21. -21. -21. -21.] mean = -21.0
[dqn4:90.0K] took 315.0 seconds to 10000 steps
14.0 seconds to evaluate
Eval: [ 30. 100.  70.  90.  60.] mean = 70.0
[dqn4:100.0K] took 288.0 seconds to 10000 steps
5.0 seconds to evaluate
Eval: [1180. 1080.  830.  580.  730.] mean = 880.0
[dqn4:100.0K] took 305.0 seconds to 10000 steps
15.0 seconds to evaluate
Eval: [-21. -21. -21. -21. -21.] mean = -21.0
[dqn4:100.0K] took 316.0 seconds to 10000 steps
14.0 seconds to evaluate
Eval: [50. 40.  0.  0.  0.] mean = 18.0
[dqn4:110.0K] took 283.0 seconds to 10000 steps
6.0 seconds to evaluate
Eval: [1280.  580.  160.  310.  430.] mean = 552.0
[dqn4:110.0K] took 311.0 seconds to 10000 steps
16.0 seconds to evaluate
Eval: [-21. -21. -21. -21. -21.] mean = -21.0
[dqn4:110.0K] took 320.0 seconds to 10000 steps
14.0 seconds to evaluate
Eval: [40. 60. 60. 40. 70.] mean = 54.0
[dqn4:120.0K] took 286.0 seconds to 10000 steps
6.0 seconds to evaluate
Eval: [1180.  530. 1080.  530.  110.] mean = 686.0
[dqn4:120.0K] took 314.0 seconds to 10000 steps
8.0 seconds to evaluate
Eval: [-21. -21. -21. -21. -21.] mean = -21.0
[dqn4:120.0K] took 320.0 seconds to 10000 steps
Eval: [10. 40. 50. 10. 20.] mean = 26.0
[dqn4:130.0K] took 285.0 seconds to 10000 steps
7.0 seconds to evaluate
14.0 seconds to evaluate
Eval: [160. 330. 240. 280. 410.] mean = 284.0
[dqn4:130.0K] took 290.0 seconds to 10000 steps
12.0 seconds to evaluate
Eval: [50. 90. 20. 40. 20.] mean = 44.0
[dqn4:140.0K] took 287.0 seconds to 10000 steps
7.0 seconds to evaluate
Eval: [-21. -21. -21. -21. -21.] mean = -21.0
[dqn4:130.0K] took 317.0 seconds to 10000 steps
15.0 seconds to evaluate
Eval: [410. 480. 980. 930. 930.] mean = 746.0
[dqn4:140.0K] took 305.0 seconds to 10000 steps
13.0 seconds to evaluate
[ 730.  960. 1180.  980.  980.] [ 480. 1080.  610. 1030.  410.]
Eval mean 966.0 722.0
20000 stack=10,env=flicker@.5:Asteroids,mod=dist-drqn,h_size=512,quantile=128
[dist-drqn:flicker@.5:Asteroids:20.0KK] took 2074 seconds to 10000 steps
Eval: [130.  70.  60.  90.  60.] mean = 82.0
[dqn4:150.0K] took 289.0 seconds to 10000 steps
7.0 seconds to evaluate
103.0 seconds to evaluate
Eval: [-21. -19. -21. -21. -21.] mean = -20.6
[dqn4:140.0K] took 306.0 seconds to 10000 steps
14.0 seconds to evaluate
Eval: [580. 580. 360. 830. 430.] mean = 556.0
[dqn4:150.0K] took 304.0 seconds to 10000 steps
13.0 seconds to evaluate
Eval: [120.  80.  50.  40. 150.] mean = 88.0
[dqn4:160.0K] took 287.0 seconds to 10000 steps
9.0 seconds to evaluate
Eval: [-21. -21. -21. -21. -21.] mean = -21.0
[dqn4:150.0K] took 299.0 seconds to 10000 steps
14.0 seconds to evaluate
Eval: [ 730.  980.  630.  630. 1030.] mean = 800.0
[dqn4:160.0K] took 309.0 seconds to 10000 steps
22.0 seconds to evaluate
Eval: [ 50. 120. 120.  70.  80.] mean = 88.0
[dqn4:170.0K] took 291.0 seconds to 10000 steps
9.0 seconds to evaluate
Eval: [-21. -21. -21. -21. -21.] mean = -21.0
[dqn4:160.0K] took 300.0 seconds to 10000 steps
13.0 seconds to evaluate
Eval: [ 610. 1760.  980. 1300. 1650.] mean = 1260.0
[dqn4:170.0K] took 323.0 seconds to 10000 steps
16.0 seconds to evaluate
Eval: [ 90. 150. 110. 150.  90.] mean = 118.0
[dqn4:180.0K] took 291.0 seconds to 10000 steps
8.0 seconds to evaluate
Eval: [-21. -21. -21. -21. -21.] mean = -21.0
[dqn4:170.0K] took 303.0 seconds to 10000 steps
16.0 seconds to evaluate
Eval: [1320.  930.  980.  980.  580.] mean = 958.0
[dqn4:180.0K] took 310.0 seconds to 10000 steps
13.0 seconds to evaluate
Eval: [ 70. 110. 180. 100. 140.] mean = 120.0
[dqn4:190.0K] took 288.0 seconds to 10000 steps
7.0 seconds to evaluate
Eval: [-21. -21. -20. -20. -20.] mean = -20.4
[dqn4:180.0K] took 307.0 seconds to 10000 steps
14.0 seconds to evaluate
Eval: [ 630.  730.  430. 1280.  430.] mean = 700.0
[dqn4:190.0K] took 303.0 seconds to 10000 steps
12.0 seconds to evaluate
Eval: [160. 110. 200. 120. 110.] mean = 140.0
[dqn4:200.0K] took 287.0 seconds to 10000 steps
7.0 seconds to evaluate
Eval: [-21. -21. -21. -21. -21.] mean = -21.0
[dqn4:190.0K] took 300.0 seconds to 10000 steps
14.0 seconds to evaluate
Eval: [680. 480. 560. 160. 510.] mean = 478.0
[dqn4:200.0K] took 307.0 seconds to 10000 steps
Eval: [ 60.  50. 110. 120. 130.] mean = 94.0
[dqn4:210.0K] took 287.0 seconds to 10000 steps
10.0 seconds to evaluate
9.0 seconds to evaluate
Eval: [-21. -21. -21. -21. -21.] mean = -21.0
[dqn4:200.0K] took 300.0 seconds to 10000 steps
13.0 seconds to evaluate
Eval: [100. 110. 150. 180. 100.] mean = 128.0
[dqn4:220.0K] took 293.0 seconds to 10000 steps
Eval: [ 480.  830.  680. 1080. 1180.] mean = 850.0
[dqn4:210.0K] took 306.0 seconds to 10000 steps
8.0 seconds to evaluate
[1280. 1280. 1850. 1680.  210.] [ 830.  880. 3100. 1530. 1300.]
Eval mean 1260.0 1528.0
30000 stack=10,env=flicker@.5:Asteroids,mod=dist-drqn,h_size=512,quantile=128
[dist-drqn:flicker@.5:Asteroids:30.0KK] took 2116 seconds to 10000 steps
17.0 seconds to evaluate
47.0 seconds to evaluate
Eval: [-21. -21. -21. -21. -21.] mean = -21.0
[dqn4:210.0K] took 298.0 seconds to 10000 steps
13.0 seconds to evaluate
Eval: [ 90. 140. 150.  90.  70.] mean = 108.0
[dqn4:230.0K] took 288.0 seconds to 10000 steps
9.0 seconds to evaluate
Eval: [ 430.  360. 1320. 1370.  460.] mean = 788.0
[dqn4:220.0K] took 307.0 seconds to 10000 steps
11.0 seconds to evaluate
Eval: [-21. -21. -21. -21. -21.] mean = -21.0
[dqn4:220.0K] took 300.0 seconds to 10000 steps
14.0 seconds to evaluate
Eval: [230. 190. 170. 170.  80.] mean = 168.0
[dqn4:240.0K] took 292.0 seconds to 10000 steps
7.0 seconds to evaluate
Eval: [ 280. 1280.  430.  260.  280.] mean = 506.0
[dqn4:230.0K] took 287.0 seconds to 10000 steps
27.0 seconds to evaluate
Eval: [-21. -21. -21. -21. -21.] mean = -21.0
[dqn4:230.0K] took 301.0 seconds to 10000 steps
14.0 seconds to evaluate
Eval: [110. 150. 150. 170.  80.] mean = 132.0
[dqn4:250.0K] took 289.0 seconds to 10000 steps
9.0 seconds to evaluate
Eval: [1460. 1440.  630. 2400. 1530.] mean = 1492.0
[dqn4:240.0K] took 318.0 seconds to 10000 steps
17.0 seconds to evaluate
Eval: [-21. -21. -21. -21. -21.] mean = -21.0
[dqn4:240.0K] took 299.0 seconds to 10000 steps
13.0 seconds to evaluate
Eval: [190. 120.  80.  90.  60.] mean = 108.0
[dqn4:260.0K] took 291.0 seconds to 10000 steps
8.0 seconds to evaluate
Eval: [1320.  730. 1030.  630. 1180.] mean = 978.0
[dqn4:250.0K] took 299.0 seconds to 10000 steps
14.0 seconds to evaluate
Eval: [-21. -21. -21. -21. -21.] mean = -21.0
[dqn4:250.0K] took 299.0 seconds to 10000 steps
13.0 seconds to evaluate
Eval: [220. 140.  70. 220. 100.] mean = 150.0
[dqn4:270.0K] took 290.0 seconds to 10000 steps
7.0 seconds to evaluate
Eval: [ 680.  930. 1320.  430.  630.] mean = 798.0
[dqn4:260.0K] took 293.0 seconds to 10000 steps
16.0 seconds to evaluate
Eval: [-21. -21. -21. -21. -21.] mean = -21.0
[dqn4:260.0K] took 300.0 seconds to 10000 steps
13.0 seconds to evaluate
Eval: [130.  80. 110.  80.  60.] mean = 92.0
[dqn4:280.0K] took 288.0 seconds to 10000 steps
7.0 seconds to evaluate
Eval: [ 260.  680.  580.  780. 1830.] mean = 826.0
[dqn4:270.0K] took 296.0 seconds to 10000 steps
8.0 seconds to evaluate
Eval: [-21. -21. -21. -21. -21.] mean = -21.0
[dqn4:270.0K] took 306.0 seconds to 10000 steps
14.0 seconds to evaluate
Eval: [ 60. 140. 130. 130.  70.] mean = 106.0
[dqn4:290.0K] took 287.0 seconds to 10000 steps
9.0 seconds to evaluate
[ 460.  390. 1130.  880.  780.] [430. 580. 560. 410. 930.]
Eval mean 728.0 582.0
40000 stack=10,env=flicker@.5:Asteroids,mod=dist-drqn,h_size=512,quantile=128
[dist-drqn:flicker@.5:Asteroids:40.0KK] took 2034 seconds to 10000 steps
Eval: [310. 480. 860. 410. 360.] mean = 484.0
[dqn4:280.0K] took 279.0 seconds to 10000 steps
10.0 seconds to evaluate
81.0 seconds to evaluate
Eval: [-21. -21. -21. -21. -21.] mean = -21.0
[dqn4:280.0K] took 298.0 seconds to 10000 steps
13.0 seconds to evaluate
Eval: [130.  40. 130. 100.  70.] mean = 94.0
[dqn4:300.0K] took 292.0 seconds to 10000 steps
10.0 seconds to evaluate
Eval: [1180.  580.  230.  210.  380.] mean = 516.0
[dqn4:290.0K] took 283.0 seconds to 10000 steps
13.0 seconds to evaluate
Eval: [-21. -21. -21. -21. -21.] mean = -21.0
[dqn4:290.0K] took 300.0 seconds to 10000 steps
13.0 seconds to evaluate
Eval: [220.  70. 100.  70.  90.] mean = 110.0
[dqn4:310.0K] took 294.0 seconds to 10000 steps
7.0 seconds to evaluate
Eval: [1540.  210. 1030.  330.  730.] mean = 768.0
[dqn4:300.0K] took 289.0 seconds to 10000 steps
10.0 seconds to evaluate
